<?xml version="1.0" encoding="UTF-8"?>
<testng-results total="2" passed="2" failed="0" skipped="0">
  <reporter-output>
  </reporter-output>
  <suite started-at="2022-03-03T02:43:49Z" name="Default suite" finished-at="2022-03-03T02:44:21Z" duration-ms="32243">
    <groups>
    </groups>
    <test started-at="2022-03-03T02:43:49Z" name="Default test" finished-at="2022-03-03T02:44:21Z" duration-ms="32243">
      <class name="Facebooktest.FB.HomePageTest">
        <test-method is-config="true" signature="initialization()[pri:0, instance:Facebooktest.FB.HomePageTest@3f191845]" started-at="2022-03-02T21:43:49Z" name="initialization" finished-at="2022-03-02T21:43:51Z" duration-ms="2107" status="PASS">
          <reporter-output>
          </reporter-output>
        </test-method> <!-- initialization -->
        <test-method signature="userregister()[pri:0, instance:Facebooktest.FB.HomePageTest@3f191845]" started-at="2022-03-02T21:43:51Z" name="userregister" finished-at="2022-03-02T21:44:19Z" duration-ms="28220" status="PASS">
          <reporter-output>
          </reporter-output>
        </test-method> <!-- userregister -->
        <test-method is-config="true" signature="initialization()[pri:0, instance:Facebooktest.FB.HomePageTest@3f191845]" started-at="2022-03-02T21:44:19Z" name="initialization" finished-at="2022-03-02T21:44:21Z" duration-ms="1586" status="PASS">
          <reporter-output>
          </reporter-output>
        </test-method> <!-- initialization -->
        <test-method signature="verifyalllinksdisplayed()[pri:0, instance:Facebooktest.FB.HomePageTest@3f191845]" started-at="2022-03-02T21:44:21Z" name="verifyalllinksdisplayed" finished-at="2022-03-02T21:44:21Z" duration-ms="308" status="PASS">
          <reporter-output>
          </reporter-output>
        </test-method> <!-- verifyalllinksdisplayed -->
      </class> <!-- Facebooktest.FB.HomePageTest -->
    </test> <!-- Default test -->
  </suite> <!-- Default suite -->
</testng-results>
