<?xml version="1.0" encoding="UTF-8"?>
<testng-results total="1" passed="1" failed="0" skipped="0">
  <reporter-output>
  </reporter-output>
  <suite started-at="2022-02-23T04:18:07Z" name="Default suite" finished-at="2022-02-23T04:18:43Z" duration-ms="35609">
    <groups>
    </groups>
    <test started-at="2022-02-23T04:18:07Z" name="Default test" finished-at="2022-02-23T04:18:43Z" duration-ms="35609">
      <class name="Facebooktest.FB.HomePageTest">
        <test-method is-config="true" signature="initialization()[pri:0, instance:Facebooktest.FB.HomePageTest@18271936]" started-at="2022-02-22T23:18:07Z" name="initialization" finished-at="2022-02-22T23:18:09Z" duration-ms="2092" status="PASS">
          <reporter-output>
          </reporter-output>
        </test-method> <!-- initialization -->
        <test-method signature="userregister()[pri:0, instance:Facebooktest.FB.HomePageTest@18271936]" started-at="2022-02-22T23:18:09Z" name="userregister" finished-at="2022-02-22T23:18:43Z" duration-ms="33510" status="PASS">
          <reporter-output>
          </reporter-output>
        </test-method> <!-- userregister -->
      </class> <!-- Facebooktest.FB.HomePageTest -->
    </test> <!-- Default test -->
  </suite> <!-- Default suite -->
</testng-results>
